[0m21:16:29.096666 [debug] [MainThread]: Sending event: {'category': 'dbt', 'action': 'invocation', 'label': 'start', 'context': [<snowplow_tracker.self_describing_json.SelfDescribingJson object at 0x7b5d7a9dee10>, <snowplow_tracker.self_describing_json.SelfDescribingJson object at 0x7b5d7c559820>, <snowplow_tracker.self_describing_json.SelfDescribingJson object at 0x7b5d7a9dea50>]}


============================== 21:16:29.100103 | caee5d51-f3c4-466b-86e1-645882880644 ==============================
[0m21:16:29.100103 [info ] [MainThread]: Running with dbt=1.6.1
[0m21:16:29.100552 [debug] [MainThread]: running dbt with arguments {'cache_selected_only': 'False', 'warn_error': 'None', 'log_cache_events': 'False', 'version_check': 'True', 'write_json': 'True', 'log_path': 'logs', 'invocation_command': 'dbt init', 'warn_error_options': 'WarnErrorOptions(include=[], exclude=[])', 'indirect_selection': 'eager', 'printer_width': '80', 'profiles_dir': '/home/engineer/.dbt', 'send_anonymous_usage_stats': 'True', 'quiet': 'False', 'target_path': 'None', 'use_colors': 'True', 'use_experimental_parser': 'False', 'log_format': 'default', 'fail_fast': 'False', 'no_print': 'None', 'debug': 'False', 'static_parser': 'True', 'partial_parse': 'True', 'introspect': 'True'}
[0m21:16:29.100877 [warn ] [MainThread]: [ConfigFolderDirectory]: Unable to parse dict {'dir': PosixPath('/home/engineer/.dbt')}
[0m21:16:29.101140 [info ] [MainThread]: Creating dbt configuration folder at 
[0m21:17:09.800329 [debug] [MainThread]: Starter project path: /home/engineer/dbtproject/dbtenv/lib/python3.12/site-packages/dbt/include/starter_project
[0m21:17:09.814323 [info ] [MainThread]: 
Your new dbt project "DbtEngineer" was created!

For more information on how to configure the profiles.yml file,
please consult the dbt documentation here:

  https://docs.getdbt.com/docs/configure-your-profile

One more thing:

Need help? Don't hesitate to reach out to us via GitHub issues or on Slack:

  https://community.getdbt.com/

Happy modeling!

[0m21:17:09.814770 [info ] [MainThread]: Setting up your profile.
[0m21:17:34.404215 [info ] [MainThread]: No sample profile found for duckdb.
[0m21:17:34.405270 [debug] [MainThread]: Command `dbt init` succeeded at 21:17:34.405078 after 65.31 seconds
[0m21:17:34.405607 [debug] [MainThread]: Sending event: {'category': 'dbt', 'action': 'invocation', 'label': 'end', 'context': [<snowplow_tracker.self_describing_json.SelfDescribingJson object at 0x7b5d7ac77fb0>, <snowplow_tracker.self_describing_json.SelfDescribingJson object at 0x7b5d7aa4a330>, <snowplow_tracker.self_describing_json.SelfDescribingJson object at 0x7b5d7ac3b4a0>]}
[0m21:17:34.405956 [debug] [MainThread]: Flushing usage events
